#
# A fatal error has been detected by the Java Runtime Environment:
#
#  Internal Error (safepoint.cpp:712), pid=67718, tid=0x0000000000002803
#  fatal error: Illegal threadstate encountered: 4
#
# JRE version: Java(TM) SE Runtime Environment (8.0_112-b16) (build 1.8.0_112-b16)
# Java VM: Java HotSpot(TM) 64-Bit Server VM (25.112-b16 mixed mode bsd-amd64 compressed oops)
# Failed to write core dump. Core dumps have been disabled. To enable core dumping, try "ulimit -c unlimited" before starting Java again
#
# If you would like to submit a bug report, please visit:
#   http://bugreport.java.com/bugreport/crash.jsp
# The crash happened outside the Java Virtual Machine in native code.
# See problematic frame for where to report the bug.
#

---------------  T H R E A D  ---------------

Current thread (0x00007f9dd780d000):  JavaThread "main" [_thread_in_native, id=10243, stack(0x000070000a5e2000,0x000070000a6e2000)]

Stack: [0x000070000a5e2000,0x000070000a6e2000],  sp=0x000070000a6dfa70,  free space=1014k
Native frames: (J=compiled Java code, j=interpreted, Vv=VM code, C=native code)
V  [libjvm.dylib+0x5b0996]  VMError::report_and_die()+0x3f8
V  [libjvm.dylib+0x1e7bab]  report_vm_error(char const*, int, char const*, char const*)+0x54
V  [libjvm.dylib+0x4e12c1]  SafepointSynchronize::block(JavaThread*)+0x1a9
V  [libjvm.dylib+0x569f56]  JavaThread::check_safepoint_and_suspend_for_native_trans(JavaThread*)+0xe8
V  [libjvm.dylib+0x16a1ce]  ThreadStateTransition::trans_from_native(JavaThreadState)+0x96
V  [libjvm.dylib+0x314366]  jni_IsSameObject+0x30
C  [JavaNativeFoundation+0x6e4e]  -[JNFWeakJObjectWrapper _getWithEnv:]+0x26
C  [JavaNativeFoundation+0x6c5b]  -[JNFJObjectWrapper jObjectWithEnv:]+0x16
C  [libawt_lwawt.dylib+0x9cbe]  +[AWTWindow isJavaPlatformWindowVisible:]+0xac
C  [libawt_lwawt.dylib+0xba65]  -[AWTWindow orderChildWindows:]+0x134
C  [CoreFoundation+0x978ac]  __CFNOTIFICATIONCENTER_IS_CALLING_OUT_TO_AN_OBSERVER__+0xc
C  [CoreFoundation+0x9777a]  _CFXRegistrationPost+0x1ca
C  [CoreFoundation+0x974b1]  ___CFXNotificationPost_block_invoke+0xe1
C  [CoreFoundation+0x56042]  -[_CFXNotificationRegistrar find:object:observer:enumerator:]+0x722
C  [CoreFoundation+0x550d3]  _CFXNotificationPost+0x293
C  [Foundation+0x6817]  -[NSNotificationCenter postNotificationName:object:userInfo:]+0x42
C  [AppKit+0x21d0e1]  -[NSWindow resignKeyWindow]+0x363
C  [AppKit+0x163bae]  -[NSWindow _changeKeyAndMainLimitedOK:]+0x34f
C  [AppKit+0x21127e]  -[NSWindow _makeKeyRegardlessOfVisibility]+0x6c
C  [AppKit+0x166c0c]  NSPerformVisuallyAtomicChange+0x92
C  [AppKit+0x2111b5]  -[NSWindow makeKeyAndOrderFront:]+0x5a
C  [libglfw.dylib+0x11148]
[error occurred during error reporting (printing native stack), id 0xe0000000]

Java frames: (J=compiled Java code, j=interpreted, Vv=VM code)
j  org.lwjgl.system.JNI.invokePPPP(IIJJJJ)J+0
j  org.lwjgl.glfw.GLFW.nglfwCreateWindow(IIJJJ)J+14
j  org.lwjgl.glfw.GLFW.glfwCreateWindow(IILjava/lang/CharSequence;JJ)J+37
j  GraphWindow.init()V+52
j  GraphWindow.run()V+1
j  TinkeringFrame.main([Ljava/lang/String;)V+30
v  ~StubRoutines::call_stub

---------------  P R O C E S S  ---------------

Java Threads: ( => current thread )
  0x00007f9dd7da3000 JavaThread "AWT-EventQueue-0" [_thread_blocked, id=53515, stack(0x000070000b8a1000,0x000070000b9a1000)]
  0x00007f9dd7d51000 JavaThread "Java2D Disposer" daemon [_thread_blocked, id=54295, stack(0x000070000b79e000,0x000070000b89e000)]
  0x00007f9dd8224000 JavaThread "Java2D Queue Flusher" daemon [_thread_blocked, id=86159, stack(0x000070000b69b000,0x000070000b79b000)]
  0x00007f9dd81b1000 JavaThread "Attach Listener" daemon [_thread_blocked, id=38163, stack(0x000070000b38c000,0x000070000b48c000)]
  0x00007f9dd81b0000 JavaThread "AWT-Shutdown" [_thread_blocked, id=24875, stack(0x000070000b289000,0x000070000b389000)]
  0x00007f9dd7a1e800 JavaThread "AppKit Thread" daemon [_thread_in_native_trans, id=775, stack(0x00007ffeec4d3000,0x00007ffeeccd3000)]
  0x00007f9dd8129000 JavaThread "Service Thread" daemon [_thread_blocked, id=18435, stack(0x000070000b000000,0x000070000b100000)]
  0x00007f9dd793a800 JavaThread "C1 CompilerThread1" daemon [_thread_in_vm, id=13571, stack(0x000070000aefd000,0x000070000affd000)]
  0x00007f9dd7931000 JavaThread "C2 CompilerThread0" daemon [_thread_blocked, id=18947, stack(0x000070000adfa000,0x000070000aefa000)]
  0x00007f9dd7825000 JavaThread "Monitor Ctrl-Break" daemon [_thread_in_native, id=13059, stack(0x000070000acf7000,0x000070000adf7000)]
  0x00007f9dd8049000 JavaThread "Signal Dispatcher" daemon [_thread_blocked, id=19463, stack(0x000070000abf4000,0x000070000acf4000)]
  0x00007f9dd781a800 JavaThread "Finalizer" daemon [_thread_blocked, id=20995, stack(0x000070000aaf1000,0x000070000abf1000)]
  0x00007f9dd7818000 JavaThread "Reference Handler" daemon [_thread_blocked, id=21251, stack(0x000070000a9ee000,0x000070000aaee000)]
=>0x00007f9dd780d000 JavaThread "main" [_thread_in_native, id=10243, stack(0x000070000a5e2000,0x000070000a6e2000)]

Other Threads:
  0x00007f9dd803a800 VMThread [stack: 0x000070000a8eb000,0x000070000a9eb000] [id=10755]
  0x00007f9dd793b800 WatcherThread [stack: 0x000070000b103000,0x000070000b203000] [id=14083]

VM state:synchronizing (normal execution)

VM Mutex/Monitor currently owned by a thread:  ([mutex/lock_event])
[0x00007f9dd75064a0] Safepoint_lock - owner thread: 0x00007f9dd803a800
[0x00007f9dd7506520] Threads_lock - owner thread: 0x00007f9dd803a800

Heap:
 PSYoungGen      total 9728K, used 1090K [0x00000007b5580000, 0x00000007b6000000, 0x00000007c0000000)
  eden space 8704K, 0% used [0x00000007b5580000,0x00000007b55908e0,0x00000007b5e00000)
  from space 1024K, 100% used [0x00000007b5f00000,0x00000007b6000000,0x00000007b6000000)
  to   space 1024K, 0% used [0x00000007b5e00000,0x00000007b5e00000,0x00000007b5f00000)
 ParOldGen       total 22016K, used 2480K [0x00000007a0000000, 0x00000007a1580000, 0x00000007b5580000)
  object space 22016K, 11% used [0x00000007a0000000,0x00000007a026c148,0x00000007a1580000)
 Metaspace       used 12378K, capacity 12594K, committed 12928K, reserved 1060864K
  class space    used 1458K, capacity 1551K, committed 1664K, reserved 1048576K

Card table byte_map: [0x00000001047c0000,0x00000001048c1000] byte_map_base: 0x0000000100ac0000

Marking Bits: (ParMarkBitMap*) 0x000000010384ed30
 Begin Bits: [0x0000000113a76000, 0x0000000114276000)
 End Bits:   [0x0000000114276000, 0x0000000114a76000)

Polling page: 0x0000000103f43000

CodeCache: size=245760Kb used=2859Kb max_used=2863Kb free=242900Kb
 bounds [0x00000001049cb000, 0x0000000104c9b000, 0x00000001139cb000]
 total_blobs=1613 nmethods=634 adapters=895
 compilation: enabled

Compilation events (10 events):
Event: 14.522 Thread 0x00007f9dd793a800  631       3       java.lang.String::toString (2 bytes)
Event: 14.522 Thread 0x00007f9dd793a800 nmethod 631 0x0000000104c95c90 code [0x0000000104c95de0, 0x0000000104c95f30]
Event: 14.522 Thread 0x00007f9dd793a800  632       1       java.util.Formatter$Flags::valueOf (5 bytes)
Event: 14.522 Thread 0x00007f9dd793a800 nmethod 632 0x0000000104c959d0 code [0x0000000104c95b20, 0x0000000104c95c30]
Event: 14.545 Thread 0x00007f9dd793a800  633       3       java.nio.DirectByteBuffer::ix (10 bytes)
Event: 14.545 Thread 0x00007f9dd793a800 nmethod 633 0x0000000104c956d0 code [0x0000000104c95820, 0x0000000104c95970]
Event: 14.789 Thread 0x00007f9dd793a800  634       3       java.awt.Component::isVisible (5 bytes)
Event: 14.790 Thread 0x00007f9dd793a800 nmethod 634 0x0000000104c95310 code [0x0000000104c95480, 0x0000000104c95670]
Event: 14.815 Thread 0x00007f9dd793a800  635       3       sun.awt.AWTAccessor::getComponentAccessor (18 bytes)
Event: 14.815 Thread 0x00007f9dd793a800 nmethod 635 0x0000000104c94ed0 code [0x0000000104c95040, 0x0000000104c95288]

GC Heap History (4 events):
Event: 4.829 GC heap before
{Heap before GC invocations=1 (full 0):
 PSYoungGen      total 9728K, used 8704K [0x00000007b5580000, 0x00000007b6000000, 0x00000007c0000000)
  eden space 8704K, 100% used [0x00000007b5580000,0x00000007b5e00000,0x00000007b5e00000)
  from space 1024K, 0% used [0x00000007b5f00000,0x00000007b5f00000,0x00000007b6000000)
  to   space 1024K, 0% used [0x00000007b5e00000,0x00000007b5e00000,0x00000007b5f00000)
 ParOldGen       total 22016K, used 0K [0x00000007a0000000, 0x00000007a1580000, 0x00000007b5580000)
  object space 22016K, 0% used [0x00000007a0000000,0x00000007a0000000,0x00000007a1580000)
 Metaspace       used 7707K, capacity 7914K, committed 8192K, reserved 1056768K
  class space    used 882K, capacity 944K, committed 1024K, reserved 1048576K
Event: 4.844 GC heap after
Heap after GC invocations=1 (full 0):
 PSYoungGen      total 9728K, used 1008K [0x00000007b5580000, 0x00000007b6000000, 0x00000007c0000000)
  eden space 8704K, 0% used [0x00000007b5580000,0x00000007b5580000,0x00000007b5e00000)
  from space 1024K, 98% used [0x00000007b5e00000,0x00000007b5efc010,0x00000007b5f00000)
  to   space 1024K, 0% used [0x00000007b5f00000,0x00000007b5f00000,0x00000007b6000000)
 ParOldGen       total 22016K, used 452K [0x00000007a0000000, 0x00000007a1580000, 0x00000007b5580000)
  object space 22016K, 2% used [0x00000007a0000000,0x00000007a0071010,0x00000007a1580000)
 Metaspace       used 7707K, capacity 7914K, committed 8192K, reserved 1056768K
  class space    used 882K, capacity 944K, committed 1024K, reserved 1048576K
}
Event: 14.792 GC heap before
{Heap before GC invocations=2 (full 0):
 PSYoungGen      total 9728K, used 9705K [0x00000007b5580000, 0x00000007b6000000, 0x00000007c0000000)
  eden space 8704K, 99% used [0x00000007b5580000,0x00000007b5dfe4c8,0x00000007b5e00000)
  from space 1024K, 98% used [0x00000007b5e00000,0x00000007b5efc010,0x00000007b5f00000)
  to   space 1024K, 0% used [0x00000007b5f00000,0x00000007b5f00000,0x00000007b6000000)
 ParOldGen       total 22016K, used 452K [0x00000007a0000000, 0x00000007a1580000, 0x00000007b5580000)
  object space 22016K, 2% used [0x00000007a0000000,0x00000007a0071010,0x00000007a1580000)
 Metaspace       used 12297K, capacity 12530K, committed 12928K, reserved 1060864K
  class space    used 1440K, capacity 1551K, committed 1664K, reserved 1048576K
Event: 14.808 GC heap after
Heap after GC invocations=2 (full 0):
 PSYoungGen      total 9728K, used 1024K [0x00000007b5580000, 0x00000007b6000000, 0x00000007c0000000)
  eden space 8704K, 0% used [0x00000007b5580000,0x00000007b5580000,0x00000007b5e00000)
  from space 1024K, 100% used [0x00000007b5f00000,0x00000007b6000000,0x00000007b6000000)
  to   space 1024K, 0% used [0x00000007b5e00000,0x00000007b5e00000,0x00000007b5f00000)
 ParOldGen       total 22016K, used 2480K [0x00000007a0000000, 0x00000007a1580000, 0x00000007b5580000)
  object space 22016K, 11% used [0x00000007a0000000,0x00000007a026c148,0x00000007a1580000)
 Metaspace       used 12297K, capacity 12530K, committed 12928K, reserved 1060864K
  class space    used 1440K, capacity 1551K, committed 1664K, reserved 1048576K
}

Deoptimization events (1 events):
Event: 13.959 Thread 0x00007f9dd780d000 Uncommon trap: reason=unstable_if action=reinterpret pc=0x0000000104bdd57c method=java.lang.String.toLowerCase(Ljava/util/Locale;)Ljava/lang/String; @ 22

Internal exceptions (10 events):
Event: 0.735 Thread 0x00007f9dd780d000 Exception <a 'java/security/PrivilegedActionException'> (0x00000007b588b150) thrown at [/Users/java_re/workspace/8-2-build-macosx-x86_64/jdk8u112/7935/hotspot/src/share/vm/prims/jvm.cpp, line 1390]
Event: 0.735 Thread 0x00007f9dd780d000 Exception <a 'java/security/PrivilegedActionException'> (0x00000007b588b360) thrown at [/Users/java_re/workspace/8-2-build-macosx-x86_64/jdk8u112/7935/hotspot/src/share/vm/prims/jvm.cpp, line 1390]
Event: 0.735 Thread 0x00007f9dd780d000 Exception <a 'java/security/PrivilegedActionException'> (0x00000007b588e668) thrown at [/Users/java_re/workspace/8-2-build-macosx-x86_64/jdk8u112/7935/hotspot/src/share/vm/prims/jvm.cpp, line 1390]
Event: 0.735 Thread 0x00007f9dd780d000 Exception <a 'java/security/PrivilegedActionException'> (0x00000007b588e878) thrown at [/Users/java_re/workspace/8-2-build-macosx-x86_64/jdk8u112/7935/hotspot/src/share/vm/prims/jvm.cpp, line 1390]
Event: 1.013 Thread 0x00007f9dd780d000 Exception <a 'java/lang/NoSuchFieldError': method resolution failed> (0x00000007b59d20d0) thrown at [/Users/java_re/workspace/8-2-build-macosx-x86_64/jdk8u112/7935/hotspot/src/share/vm/prims/methodHandles.cpp, line 1146]
Event: 1.043 Thread 0x00007f9dd780d000 Exception <a 'java/lang/NoSuchFieldError': method resolution failed> (0x00000007b59e0348) thrown at [/Users/java_re/workspace/8-2-build-macosx-x86_64/jdk8u112/7935/hotspot/src/share/vm/prims/methodHandles.cpp, line 1146]
Event: 3.823 Thread 0x00007f9dd780d000 Exception <a 'java/io/FileNotFoundException'> (0x00000007b5a812b0) thrown at [/Users/java_re/workspace/8-2-build-macosx-x86_64/jdk8u112/7935/hotspot/src/share/vm/prims/jni.cpp, line 709]
Event: 3.823 Thread 0x00007f9dd780d000 Exception <a 'java/io/FileNotFoundException'> (0x00000007b5a81e10) thrown at [/Users/java_re/workspace/8-2-build-macosx-x86_64/jdk8u112/7935/hotspot/src/share/vm/prims/jni.cpp, line 709]
Event: 14.015 Thread 0x00007f9dd780d000 Exception <a 'java/lang/NoSuchMethodError': java.lang.Object.lambda$static$0(Ljava/lang/String;)Ljava/lang/Boolean;> (0x00000007b59e31f8) thrown at [/Users/java_re/workspace/8-2-build-macosx-x86_64/jdk8u112/7935/hotspot/src/share/vm/interpreter/linkResolv
Event: 14.522 Thread 0x00007f9dd780d000 Exception <a 'sun/nio/fs/UnixException'> (0x00000007b5dba7f8) thrown at [/Users/java_re/workspace/8-2-build-macosx-x86_64/jdk8u112/7935/hotspot/src/share/vm/prims/jni.cpp, line 709]

Events (10 events):
Event: 14.815 Executing VM operation: RevokeBias done
Event: 14.815 Executing VM operation: RevokeBias
Event: 14.815 Executing VM operation: RevokeBias done
Event: 14.815 Executing VM operation: RevokeBias
Event: 14.815 Executing VM operation: RevokeBias done
Event: 14.815 Executing VM operation: BulkRevokeBias
Event: 14.815 Executing VM operation: BulkRevokeBias done
Event: 14.815 Executing VM operation: RevokeBias
Event: 14.815 Executing VM operation: RevokeBias done
Event: 14.815 Thread 0x00007f9dd793a800 flushing nmethod 0x0000000104ad1810


Dynamic libraries:
0x000000000d022000 	/System/Library/Frameworks/Cocoa.framework/Versions/A/Cocoa
0x000000000d022000 	/System/Library/Frameworks/Security.framework/Versions/A/Security
0x000000000d022000 	/System/Library/Frameworks/ApplicationServices.framework/Versions/A/ApplicationServices
0x000000000d022000 	/usr/lib/libz.1.dylib
0x000000000d022000 	/usr/lib/libSystem.B.dylib
0x000000000d022000 	/usr/lib/libobjc.A.dylib
0x000000000d022000 	/System/Library/Frameworks/CoreFoundation.framework/Versions/A/CoreFoundation
0x000000000d022000 	/System/Library/Frameworks/Foundation.framework/Versions/C/Foundation
0x000000000d022000 	/System/Library/Frameworks/AppKit.framework/Versions/C/AppKit
0x000000000d022000 	/System/Library/Frameworks/CoreData.framework/Versions/A/CoreData
0x000000000d022000 	/System/Library/PrivateFrameworks/RemoteViewServices.framework/Versions/A/RemoteViewServices
0x000000000d022000 	/System/Library/PrivateFrameworks/UIFoundation.framework/Versions/A/UIFoundation
0x000000000d022000 	/System/Library/PrivateFrameworks/DFRFoundation.framework/Versions/A/DFRFoundation
0x000000000d022000 	/System/Library/Frameworks/Metal.framework/Versions/A/Metal
0x000000000d022000 	/System/Library/PrivateFrameworks/DesktopServicesPriv.framework/Versions/A/DesktopServicesPriv
0x000000000d022000 	/usr/lib/libenergytrace.dylib
0x000000000d022000 	/System/Library/PrivateFrameworks/SkyLight.framework/Versions/A/SkyLight
0x000000000d022000 	/System/Library/Frameworks/CoreGraphics.framework/Versions/A/CoreGraphics
0x000000000d022000 	/usr/lib/libScreenReader.dylib
0x000000000d022000 	/System/Library/Frameworks/Accelerate.framework/Versions/A/Accelerate
0x000000000d022000 	/System/Library/Frameworks/IOSurface.framework/Versions/A/IOSurface
0x000000000d022000 	/System/Library/Frameworks/AudioToolbox.framework/Versions/A/AudioToolbox
0x000000000d022000 	/System/Library/Frameworks/AudioUnit.framework/Versions/A/AudioUnit
0x000000000d022000 	/System/Library/PrivateFrameworks/DataDetectorsCore.framework/Versions/A/DataDetectorsCore
0x000000000d022000 	/System/Library/Frameworks/Carbon.framework/Versions/A/Frameworks/HIToolbox.framework/Versions/A/HIToolbox
0x000000000d022000 	/usr/lib/libicucore.A.dylib
0x000000000d022000 	/System/Library/Frameworks/QuartzCore.framework/Versions/A/QuartzCore
0x000000000d022000 	/System/Library/PrivateFrameworks/SignpostNotification.framework/Versions/A/SignpostNotification
0x000000000d022000 	/System/Library/Frameworks/Carbon.framework/Versions/A/Frameworks/SpeechRecognition.framework/Versions/A/SpeechRecognition
0x000000000d022000 	/usr/lib/libauto.dylib
0x000000000d022000 	/usr/lib/libxml2.2.dylib
0x000000000d022000 	/System/Library/PrivateFrameworks/CoreUI.framework/Versions/A/CoreUI
0x000000000d022000 	/System/Library/Frameworks/CoreAudio.framework/Versions/A/CoreAudio
0x000000000d022000 	/System/Library/Frameworks/DiskArbitration.framework/Versions/A/DiskArbitration
0x000000000d022000 	/usr/lib/liblangid.dylib
0x000000000d022000 	/System/Library/PrivateFrameworks/MultitouchSupport.framework/Versions/A/MultitouchSupport
0x000000000d022000 	/System/Library/Frameworks/IOKit.framework/Versions/A/IOKit
0x000000000d022000 	/usr/lib/libDiagnosticMessagesClient.dylib
0x000000000d022000 	/System/Library/Frameworks/CoreServices.framework/Versions/A/CoreServices
0x000000000d022000 	/System/Library/PrivateFrameworks/PerformanceAnalysis.framework/Versions/A/PerformanceAnalysis
0x000000000d022000 	/System/Library/Frameworks/OpenGL.framework/Versions/A/OpenGL
0x000000000d022000 	/System/Library/Frameworks/ColorSync.framework/Versions/A/ColorSync
0x000000000d022000 	/System/Library/Frameworks/CoreImage.framework/Versions/A/CoreImage
0x000000000d022000 	/System/Library/Frameworks/CoreText.framework/Versions/A/CoreText
0x000000000d022000 	/System/Library/Frameworks/ImageIO.framework/Versions/A/ImageIO
0x000000000d022000 	/System/Library/PrivateFrameworks/Backup.framework/Versions/A/Backup
0x000000000d022000 	/usr/lib/libarchive.2.dylib
0x000000000d022000 	/System/Library/Frameworks/CFNetwork.framework/Versions/A/CFNetwork
0x000000000d022000 	/System/Library/Frameworks/SystemConfiguration.framework/Versions/A/SystemConfiguration
0x000000000d022000 	/usr/lib/libCRFSuite.dylib
0x000000000d022000 	/usr/lib/libc++.1.dylib
0x000000000d022000 	/usr/lib/libc++abi.dylib
0x000000000d022000 	/usr/lib/system/libcache.dylib
0x000000000d022000 	/usr/lib/system/libcommonCrypto.dylib
0x000000000d022000 	/usr/lib/system/libcompiler_rt.dylib
0x000000000d022000 	/usr/lib/system/libcopyfile.dylib
0x000000000d022000 	/usr/lib/system/libcorecrypto.dylib
0x000000000d022000 	/usr/lib/system/libdispatch.dylib
0x000000000d022000 	/usr/lib/system/libdyld.dylib
0x000000000d022000 	/usr/lib/system/libkeymgr.dylib
0x000000000d022000 	/usr/lib/system/liblaunch.dylib
0x000000000d022000 	/usr/lib/system/libmacho.dylib
0x000000000d022000 	/usr/lib/system/libquarantine.dylib
0x000000000d022000 	/usr/lib/system/libremovefile.dylib
0x000000000d022000 	/usr/lib/system/libsystem_asl.dylib
0x000000000d022000 	/usr/lib/system/libsystem_blocks.dylib
0x000000000d022000 	/usr/lib/system/libsystem_c.dylib
0x000000000d022000 	/usr/lib/system/libsystem_configuration.dylib
0x000000000d022000 	/usr/lib/system/libsystem_coreservices.dylib
0x000000000d022000 	/usr/lib/system/libsystem_darwin.dylib
0x000000000d022000 	/usr/lib/system/libsystem_dnssd.dylib
0x000000000d022000 	/usr/lib/system/libsystem_info.dylib
0x000000000d022000 	/usr/lib/system/libsystem_m.dylib
0x000000000d022000 	/usr/lib/system/libsystem_malloc.dylib
0x000000000d022000 	/usr/lib/system/libsystem_network.dylib
0x000000000d022000 	/usr/lib/system/libsystem_networkextension.dylib
0x000000000d022000 	/usr/lib/system/libsystem_notify.dylib
0x000000000d022000 	/usr/lib/system/libsystem_sandbox.dylib
0x000000000d022000 	/usr/lib/system/libsystem_secinit.dylib
0x000000000d022000 	/usr/lib/system/libsystem_kernel.dylib
0x000000000d022000 	/usr/lib/system/libsystem_platform.dylib
0x000000000d022000 	/usr/lib/system/libsystem_pthread.dylib
0x000000000d022000 	/usr/lib/system/libsystem_symptoms.dylib
0x000000000d022000 	/usr/lib/system/libsystem_trace.dylib
0x000000000d022000 	/usr/lib/system/libunwind.dylib
0x000000000d022000 	/usr/lib/system/libxpc.dylib
0x000000000d022000 	/usr/lib/closure/libclosured.dylib
0x000000000d022000 	/usr/lib/libbsm.0.dylib
0x000000000d022000 	/usr/lib/system/libkxld.dylib
0x000000000d022000 	/usr/lib/libOpenScriptingUtil.dylib
0x000000000d022000 	/usr/lib/libcoretls.dylib
0x000000000d022000 	/usr/lib/libcoretls_cfhelpers.dylib
0x000000000d022000 	/usr/lib/libpam.2.dylib
0x000000000d022000 	/usr/lib/libsqlite3.dylib
0x000000000d022000 	/usr/lib/libxar.1.dylib
0x000000000d022000 	/usr/lib/libbz2.1.0.dylib
0x000000000d022000 	/usr/lib/liblzma.5.dylib
0x000000000d022000 	/usr/lib/libnetwork.dylib
0x000000000d022000 	/usr/lib/libapple_nghttp2.dylib
0x000000000d022000 	/usr/lib/libpcap.A.dylib
0x000000000d022000 	/usr/lib/libboringssl.dylib
0x000000000d022000 	/usr/lib/libusrtcp.dylib
0x000000000d022000 	/usr/lib/libapple_crypto.dylib
0x000000000d022000 	/System/Library/Frameworks/CoreServices.framework/Versions/A/Frameworks/FSEvents.framework/Versions/A/FSEvents
0x000000000d022000 	/System/Library/Frameworks/CoreServices.framework/Versions/A/Frameworks/CarbonCore.framework/Versions/A/CarbonCore
0x000000000d022000 	/System/Library/Frameworks/CoreServices.framework/Versions/A/Frameworks/Metadata.framework/Versions/A/Metadata
0x000000000d022000 	/System/Library/Frameworks/CoreServices.framework/Versions/A/Frameworks/OSServices.framework/Versions/A/OSServices
0x000000000d022000 	/System/Library/Frameworks/CoreServices.framework/Versions/A/Frameworks/SearchKit.framework/Versions/A/SearchKit
0x000000000d022000 	/System/Library/Frameworks/CoreServices.framework/Versions/A/Frameworks/AE.framework/Versions/A/AE
0x000000000d022000 	/System/Library/Frameworks/CoreServices.framework/Versions/A/Frameworks/LaunchServices.framework/Versions/A/LaunchServices
0x000000000d022000 	/System/Library/Frameworks/CoreServices.framework/Versions/A/Frameworks/DictionaryServices.framework/Versions/A/DictionaryServices
0x000000000d022000 	/System/Library/Frameworks/CoreServices.framework/Versions/A/Frameworks/SharedFileList.framework/Versions/A/SharedFileList
0x000000000d022000 	/System/Library/Frameworks/NetFS.framework/Versions/A/NetFS
0x000000000d022000 	/System/Library/PrivateFrameworks/NetAuth.framework/Versions/A/NetAuth
0x000000000d022000 	/System/Library/PrivateFrameworks/login.framework/Versions/A/Frameworks/loginsupport.framework/Versions/A/loginsupport
0x000000000d022000 	/System/Library/PrivateFrameworks/TCC.framework/Versions/A/TCC
0x000000000d022000 	/usr/lib/libmecabra.dylib
0x000000000d022000 	/System/Library/Frameworks/ApplicationServices.framework/Versions/A/Frameworks/ATS.framework/Versions/A/ATS
0x000000000d022000 	/System/Library/Frameworks/ApplicationServices.framework/Versions/A/Frameworks/ColorSyncLegacy.framework/Versions/A/ColorSyncLegacy
0x000000000d022000 	/System/Library/Frameworks/ApplicationServices.framework/Versions/A/Frameworks/HIServices.framework/Versions/A/HIServices
0x000000000d022000 	/System/Library/Frameworks/ApplicationServices.framework/Versions/A/Frameworks/LangAnalysis.framework/Versions/A/LangAnalysis
0x000000000d022000 	/System/Library/Frameworks/ApplicationServices.framework/Versions/A/Frameworks/PrintCore.framework/Versions/A/PrintCore
0x000000000d022000 	/System/Library/Frameworks/ApplicationServices.framework/Versions/A/Frameworks/QD.framework/Versions/A/QD
0x000000000d022000 	/System/Library/Frameworks/ApplicationServices.framework/Versions/A/Frameworks/SpeechSynthesis.framework/Versions/A/SpeechSynthesis
0x000000000d022000 	/System/Library/Frameworks/CoreDisplay.framework/Versions/A/CoreDisplay
0x000000000d022000 	/System/Library/Frameworks/Accelerate.framework/Versions/A/Frameworks/vImage.framework/Versions/A/vImage
0x000000000d022000 	/System/Library/Frameworks/Accelerate.framework/Versions/A/Frameworks/vecLib.framework/Versions/A/vecLib
0x000000000d022000 	/System/Library/Frameworks/Accelerate.framework/Versions/A/Frameworks/vecLib.framework/Versions/A/libvDSP.dylib
0x000000000d022000 	/System/Library/Frameworks/Accelerate.framework/Versions/A/Frameworks/vecLib.framework/Versions/A/libBNNS.dylib
0x000000000d022000 	/System/Library/Frameworks/Accelerate.framework/Versions/A/Frameworks/vecLib.framework/Versions/A/libQuadrature.dylib
0x000000000d022000 	/System/Library/Frameworks/Accelerate.framework/Versions/A/Frameworks/vecLib.framework/Versions/A/libvMisc.dylib
0x000000000d022000 	/System/Library/Frameworks/Accelerate.framework/Versions/A/Frameworks/vecLib.framework/Versions/A/libLAPACK.dylib
0x000000000d022000 	/System/Library/Frameworks/Accelerate.framework/Versions/A/Frameworks/vecLib.framework/Versions/A/libBLAS.dylib
0x000000000d022000 	/System/Library/Frameworks/Accelerate.framework/Versions/A/Frameworks/vecLib.framework/Versions/A/libLinearAlgebra.dylib
0x000000000d022000 	/System/Library/Frameworks/Accelerate.framework/Versions/A/Frameworks/vecLib.framework/Versions/A/libSparse.dylib
0x000000000d022000 	/System/Library/Frameworks/Accelerate.framework/Versions/A/Frameworks/vecLib.framework/Versions/A/libSparseBLAS.dylib
0x000000000d022000 	/System/Library/PrivateFrameworks/GPUWrangler.framework/Versions/A/GPUWrangler
0x000000000d022000 	/System/Library/PrivateFrameworks/IOAccelerator.framework/Versions/A/IOAccelerator
0x000000000d022000 	/System/Library/PrivateFrameworks/IOPresentment.framework/Versions/A/IOPresentment
0x000000000d022000 	/System/Library/PrivateFrameworks/DSExternalDisplay.framework/Versions/A/DSExternalDisplay
0x000000000d022000 	/System/Library/Frameworks/OpenGL.framework/Versions/A/Libraries/libCoreFSCache.dylib
0x000000000d022000 	/System/Library/Frameworks/CoreVideo.framework/Versions/A/CoreVideo
0x000000000d022000 	/System/Library/PrivateFrameworks/GraphVisualizer.framework/Versions/A/GraphVisualizer
0x000000000d022000 	/System/Library/Frameworks/MetalPerformanceShaders.framework/Versions/A/MetalPerformanceShaders
0x000000000d022000 	/usr/lib/libFosl_dynamic.dylib
0x000000000d022000 	/System/Library/PrivateFrameworks/FaceCore.framework/Versions/A/FaceCore
0x000000000d022000 	/System/Library/Frameworks/OpenCL.framework/Versions/A/OpenCL
0x000000000d022000 	/usr/lib/libcompression.dylib
0x000000000d022000 	/System/Library/Frameworks/ApplicationServices.framework/Versions/A/Frameworks/ATS.framework/Versions/A/Resources/libFontParser.dylib
0x000000000d022000 	/System/Library/Frameworks/ApplicationServices.framework/Versions/A/Frameworks/ATS.framework/Versions/A/Resources/libFontRegistry.dylib
0x000000000d022000 	/System/Library/Frameworks/ImageIO.framework/Versions/A/Resources/libJPEG.dylib
0x000000000d022000 	/System/Library/Frameworks/ImageIO.framework/Versions/A/Resources/libTIFF.dylib
0x000000000d022000 	/System/Library/Frameworks/ImageIO.framework/Versions/A/Resources/libPng.dylib
0x000000000d022000 	/System/Library/Frameworks/ImageIO.framework/Versions/A/Resources/libGIF.dylib
0x000000000d022000 	/System/Library/Frameworks/ImageIO.framework/Versions/A/Resources/libJP2.dylib
0x000000000d022000 	/System/Library/Frameworks/ImageIO.framework/Versions/A/Resources/libRadiance.dylib
0x000000000d022000 	/System/Library/PrivateFrameworks/AppleJPEG.framework/Versions/A/AppleJPEG
0x000000000d022000 	/System/Library/Frameworks/MetalPerformanceShaders.framework/Frameworks/MPSCore.framework/Versions/A/MPSCore
0x000000000d022000 	/System/Library/Frameworks/MetalPerformanceShaders.framework/Frameworks/MPSImage.framework/Versions/A/MPSImage
0x000000000d022000 	/System/Library/Frameworks/MetalPerformanceShaders.framework/Frameworks/MPSNeuralNetwork.framework/Versions/A/MPSNeuralNetwork
0x000000000d022000 	/System/Library/Frameworks/MetalPerformanceShaders.framework/Frameworks/MPSMatrix.framework/Versions/A/MPSMatrix
0x000000000d022000 	/System/Library/PrivateFrameworks/MetalTools.framework/Versions/A/MetalTools
0x000000000d022000 	/System/Library/Frameworks/OpenGL.framework/Versions/A/Libraries/libGLU.dylib
0x000000000d022000 	/System/Library/Frameworks/OpenGL.framework/Versions/A/Libraries/libGFXShared.dylib
0x000000000d022000 	/System/Library/Frameworks/OpenGL.framework/Versions/A/Libraries/libGL.dylib
0x000000000d022000 	/System/Library/Frameworks/OpenGL.framework/Versions/A/Libraries/libGLImage.dylib
0x000000000d022000 	/System/Library/Frameworks/OpenGL.framework/Versions/A/Libraries/libCVMSPluginSupport.dylib
0x000000000d022000 	/System/Library/Frameworks/OpenGL.framework/Versions/A/Libraries/libCoreVMClient.dylib
0x000000000d022000 	/usr/lib/libcups.2.dylib
0x000000000d022000 	/System/Library/Frameworks/Kerberos.framework/Versions/A/Kerberos
0x000000000d022000 	/System/Library/Frameworks/GSS.framework/Versions/A/GSS
0x000000000d022000 	/usr/lib/libresolv.9.dylib
0x000000000d022000 	/usr/lib/libiconv.2.dylib
0x000000000d022000 	/System/Library/PrivateFrameworks/Heimdal.framework/Versions/A/Heimdal
0x000000000d022000 	/usr/lib/libheimdal-asn1.dylib
0x000000000d022000 	/System/Library/Frameworks/OpenDirectory.framework/Versions/A/OpenDirectory
0x000000000d022000 	/System/Library/PrivateFrameworks/CommonAuth.framework/Versions/A/CommonAuth
0x000000000d022000 	/System/Library/Frameworks/OpenDirectory.framework/Versions/A/Frameworks/CFOpenDirectory.framework/Versions/A/CFOpenDirectory
0x000000000d022000 	/System/Library/Frameworks/SecurityFoundation.framework/Versions/A/SecurityFoundation
0x000000000d022000 	/System/Library/PrivateFrameworks/APFS.framework/Versions/A/APFS
0x000000000d022000 	/usr/lib/libutil.dylib
0x000000000d022000 	/System/Library/PrivateFrameworks/AppleSauce.framework/Versions/A/AppleSauce
0x000000000d022000 	/System/Library/PrivateFrameworks/LinguisticData.framework/Versions/A/LinguisticData
0x000000000d022000 	/usr/lib/libmarisa.dylib
0x000000000d022000 	/System/Library/PrivateFrameworks/Lexicon.framework/Versions/A/Lexicon
0x000000000d022000 	/usr/lib/libChineseTokenizer.dylib
0x000000000d022000 	/usr/lib/libcmph.dylib
0x000000000d022000 	/System/Library/PrivateFrameworks/LanguageModeling.framework/Versions/A/LanguageModeling
0x000000000d022000 	/System/Library/PrivateFrameworks/CoreEmoji.framework/Versions/A/CoreEmoji
0x000000000d022000 	/System/Library/Frameworks/ServiceManagement.framework/Versions/A/ServiceManagement
0x000000000d022000 	/System/Library/PrivateFrameworks/BackgroundTaskManagement.framework/Versions/A/BackgroundTaskManagement
0x000000000d022000 	/usr/lib/libxslt.1.dylib
0x000000000d022000 	/System/Library/Frameworks/Carbon.framework/Versions/A/Frameworks/Ink.framework/Versions/A/Ink
0x000000000d022000 	/System/Library/PrivateFrameworks/TextureIO.framework/Versions/A/TextureIO
0x000000000d022000 	/usr/lib/libate.dylib
0x000000000d022000 	/System/Library/PrivateFrameworks/CrashReporterSupport.framework/Versions/A/CrashReporterSupport
0x000000000d022000 	/System/Library/PrivateFrameworks/Sharing.framework/Versions/A/Sharing
0x000000000d022000 	/System/Library/PrivateFrameworks/IconServices.framework/Versions/A/IconServices
0x000000000d022000 	/System/Library/PrivateFrameworks/AuthKit.framework/Versions/A/AuthKit
0x000000000d022000 	/System/Library/PrivateFrameworks/Apple80211.framework/Versions/A/Apple80211
0x000000000d022000 	/System/Library/PrivateFrameworks/CoreUtils.framework/Versions/A/CoreUtils
0x000000000d022000 	/System/Library/Frameworks/CoreWLAN.framework/Versions/A/CoreWLAN
0x000000000d022000 	/System/Library/Frameworks/IOBluetooth.framework/Versions/A/IOBluetooth
0x000000000d022000 	/System/Library/PrivateFrameworks/ProtocolBuffer.framework/Versions/A/ProtocolBuffer
0x000000000d022000 	/System/Library/PrivateFrameworks/MobileKeyBag.framework/Versions/A/MobileKeyBag
0x000000000d022000 	/System/Library/PrivateFrameworks/CorePhoneNumbers.framework/Versions/A/CorePhoneNumbers
0x000000000d022000 	/System/Library/PrivateFrameworks/AppleIDAuthSupport.framework/Versions/A/AppleIDAuthSupport
0x000000000d022000 	/System/Library/PrivateFrameworks/KeychainCircle.framework/Versions/A/KeychainCircle
0x000000000d022000 	/System/Library/PrivateFrameworks/CoreWiFi.framework/Versions/A/CoreWiFi
0x000000000d022000 	/System/Library/Frameworks/CoreBluetooth.framework/Versions/A/CoreBluetooth
0x000000000d022000 	/System/Library/PrivateFrameworks/DebugSymbols.framework/Versions/A/DebugSymbols
0x000000000d022000 	/System/Library/PrivateFrameworks/CoreSymbolication.framework/Versions/A/CoreSymbolication
0x000000000d022000 	/System/Library/PrivateFrameworks/Symbolication.framework/Versions/A/Symbolication
0x000000000d022000 	/System/Library/PrivateFrameworks/AppleFSCompression.framework/Versions/A/AppleFSCompression
0x000000000d022000 	/System/Library/PrivateFrameworks/SpeechRecognitionCore.framework/Versions/A/SpeechRecognitionCore
0x000000000d022000 	/System/Library/CoreServices/Encodings/libCyrillicConverter.dylib
0x0000000102f5e000 	/Library/Java/JavaVirtualMachines/jdk1.8.0_112.jdk/Contents/Home/jre/lib/server/libjvm.dylib
0x000000000d022000 	/usr/lib/libstdc++.6.0.9.dylib
0x0000000103f00000 	/Library/Java/JavaVirtualMachines/jdk1.8.0_112.jdk/Contents/Home/jre/lib/libverify.dylib
0x0000000103f0e000 	/Library/Java/JavaVirtualMachines/jdk1.8.0_112.jdk/Contents/Home/jre/lib/libjava.dylib
0x0000000103f44000 	/Library/Java/JavaVirtualMachines/jdk1.8.0_112.jdk/Contents/Home/jre/lib/libinstrument.dylib
0x0000000103fe2000 	/Library/Java/JavaVirtualMachines/jdk1.8.0_112.jdk/Contents/Home/jre/lib/libzip.dylib
0x000000000d022000 	/System/Library/Frameworks/JavaVM.framework/Versions/A/Frameworks/JavaRuntimeSupport.framework/Versions/A/JavaRuntimeSupport
0x000000000d022000 	/System/Library/Frameworks/JavaVM.framework/Versions/A/Frameworks/JavaNativeFoundation.framework/Versions/A/JavaNativeFoundation
0x000000000d022000 	/System/Library/Frameworks/JavaVM.framework/Versions/A/JavaVM
0x000000000d022000 	/System/Library/Frameworks/Carbon.framework/Versions/A/Carbon
0x000000000d022000 	/System/Library/PrivateFrameworks/JavaLaunching.framework/Versions/A/JavaLaunching
0x000000000d022000 	/System/Library/Frameworks/Carbon.framework/Versions/A/Frameworks/CommonPanels.framework/Versions/A/CommonPanels
0x000000000d022000 	/System/Library/Frameworks/Carbon.framework/Versions/A/Frameworks/Help.framework/Versions/A/Help
0x000000000d022000 	/System/Library/Frameworks/Carbon.framework/Versions/A/Frameworks/ImageCapture.framework/Versions/A/ImageCapture
0x000000000d022000 	/System/Library/Frameworks/Carbon.framework/Versions/A/Frameworks/OpenScripting.framework/Versions/A/OpenScripting
0x000000000d022000 	/System/Library/Frameworks/Carbon.framework/Versions/A/Frameworks/Print.framework/Versions/A/Print
0x000000000d022000 	/System/Library/Frameworks/Carbon.framework/Versions/A/Frameworks/SecurityHI.framework/Versions/A/SecurityHI
0x0000000117a6c000 	/Library/Java/JavaVirtualMachines/jdk1.8.0_112.jdk/Contents/Home/jre/lib/libnet.dylib
0x0000000117ad0000 	/Library/Java/JavaVirtualMachines/jdk1.8.0_112.jdk/Contents/Home/jre/lib/libawt.dylib
0x0000000117b78000 	/Library/Java/JavaVirtualMachines/jdk1.8.0_112.jdk/Contents/Home/jre/lib/./libmlib_image.dylib
0x0000000117c44000 	/Library/Java/JavaVirtualMachines/jdk1.8.0_112.jdk/Contents/Home/jre/lib/libawt_lwawt.dylib
0x0000000117cfb000 	/Library/Java/JavaVirtualMachines/jdk1.8.0_112.jdk/Contents/Home/jre/lib/./libosxapp.dylib
0x000000000d022000 	/System/Library/Frameworks/ExceptionHandling.framework/Versions/A/ExceptionHandling
0x000000000d022000 	/System/Library/PrivateFrameworks/CoreServicesInternal.framework/Versions/A/CoreServicesInternal
0x000000000d022000 	/System/Library/CoreServices/RawCamera.bundle/Contents/MacOS/RawCamera
0x000000000d022000 	/System/Library/PrivateFrameworks/MobileAsset.framework/Versions/A/MobileAsset
0x000000000d022000 	/System/Library/PrivateFrameworks/StreamingZip.framework/Versions/A/StreamingZip
0x000000000d022000 	/System/Library/Frameworks/MediaToolbox.framework/Versions/A/MediaToolbox
0x000000000d022000 	/System/Library/PrivateFrameworks/CoreAVCHD.framework/Versions/A/CoreAVCHD
0x000000000d022000 	/System/Library/Frameworks/MediaAccessibility.framework/Versions/A/MediaAccessibility
0x000000000d022000 	/System/Library/PrivateFrameworks/Mangrove.framework/Versions/A/Mangrove
0x000000000d022000 	/System/Library/Frameworks/CoreMedia.framework/Versions/A/CoreMedia
0x000000000d022000 	/System/Library/Frameworks/VideoToolbox.framework/Versions/A/VideoToolbox
0x000000000d022000 	/System/Library/PrivateFrameworks/CoreAUC.framework/Versions/A/CoreAUC
0x000000000d022000 	/usr/lib/libspindump.dylib
0x000000000d022000 	/System/Library/PrivateFrameworks/AppleVA.framework/Versions/A/AppleVA
0x000000000d022000 	/System/Library/Frameworks/Accelerate.framework/Versions/A/Frameworks/vImage.framework/Versions/A/Libraries/libCGInterfaces.dylib
0x000000000d022000 	/System/Library/Frameworks/ApplicationServices.framework/Versions/A/Frameworks/ATS.framework/Versions/A/Resources/libTrueTypeScaler.dylib
0x000000000d022000 	/System/Library/Frameworks/OpenGL.framework/Versions/A/Resources/GLEngine.bundle/GLEngine
0x000000000d022000 	/System/Library/Frameworks/OpenGL.framework/Versions/A/Libraries/libGLProgrammability.dylib
0x0000000119937000 	/System/Library/Extensions/GeForceTeslaGLDriver.bundle/Contents/MacOS/GeForceTeslaGLDriver
0x000000000d022000 	/System/Library/Extensions/GeForceTeslaGLDriver.bundle/Contents/MacOS/libclh.dylib
0x000000000d022000 	/System/Library/PrivateFrameworks/GPUSupport.framework/Versions/A/Libraries/libGPUSupport.dylib
0x000000000d022000 	/System/Library/Frameworks/OpenGL.framework/Versions/A/Resources/GLRendererFloat.bundle/GLRendererFloat
0x000000000d022000 	/System/Library/Frameworks/OpenCL.framework/Versions/A/Libraries/libcldcpuengine.dylib
0x000000000d022000 	/usr/lib/libcrypto.35.dylib
0x000000000d022000 	/System/Library/PrivateFrameworks/TrustEvaluationAgent.framework/Versions/A/TrustEvaluationAgent
0x000000000d022000 	/System/Library/PrivateFrameworks/FamilyControls.framework/Versions/A/FamilyControls
0x000000000d022000 	/System/Library/PrivateFrameworks/CommerceKit.framework/Versions/A/Frameworks/CommerceCore.framework/Versions/A/CommerceCore
0x000000000d022000 	/System/Library/PrivateFrameworks/SystemAdministration.framework/Versions/A/SystemAdministration
0x000000000d022000 	/System/Library/PrivateFrameworks/AppContainer.framework/Versions/A/AppContainer
0x000000000d022000 	/System/Library/PrivateFrameworks/SecCodeWrapper.framework/Versions/A/SecCodeWrapper
0x000000000d022000 	/System/Library/PrivateFrameworks/DiskManagement.framework/Versions/A/DiskManagement
0x000000000d022000 	/System/Library/Frameworks/DirectoryService.framework/Versions/A/DirectoryService
0x000000000d022000 	/System/Library/PrivateFrameworks/DiskImages.framework/Versions/A/DiskImages
0x000000000d022000 	/System/Library/PrivateFrameworks/LoginUIKit.framework/Versions/A/Frameworks/LoginUICore.framework/Versions/A/LoginUICore
0x000000000d022000 	/usr/lib/libCoreStorage.dylib
0x000000000d022000 	/usr/lib/libcsfde.dylib
0x000000000d022000 	/usr/lib/libodfde.dylib
0x000000000d022000 	/System/Library/PrivateFrameworks/MediaKit.framework/Versions/A/MediaKit
0x000000000d022000 	/System/Library/Frameworks/DiscRecording.framework/Versions/A/DiscRecording
0x000000000d022000 	/System/Library/PrivateFrameworks/EFILogin.framework/Versions/A/EFILogin
0x000000000d022000 	/System/Library/PrivateFrameworks/ProtectedCloudStorage.framework/Versions/A/ProtectedCloudStorage
0x000000000d022000 	/usr/lib/libcurl.4.dylib
0x000000000d022000 	/usr/lib/libssl.35.dylib
0x000000000d022000 	/System/Library/Frameworks/LDAP.framework/Versions/A/LDAP
0x000000000d022000 	/usr/lib/libsasl2.2.dylib
0x000000000d022000 	/System/Library/PrivateFrameworks/CoreDaemon.framework/Versions/B/CoreDaemon
0x000000000d022000 	/System/Library/PrivateFrameworks/AppleSRP.framework/Versions/A/AppleSRP
0x000000000d022000 	/System/Library/PrivateFrameworks/ViewBridge.framework/Versions/A/ViewBridge
0x000000011c610000 	/Library/Java/JavaVirtualMachines/jdk1.8.0_112.jdk/Contents/Home/jre/lib/libfontmanager.dylib
0x000000011ba67000 	/Library/Java/JavaVirtualMachines/jdk1.8.0_112.jdk/Contents/Home/jre/lib/libosxui.dylib
0x000000011f039000 	/Library/Java/JavaVirtualMachines/jdk1.8.0_112.jdk/Contents/Home/jre/lib/libnio.dylib
0x000000016e66c000 	/private/var/folders/p6/d5sb8_zn51jf48r5pmhwh0jc0000gp/T/lwjgluser/3.2.2-build-10/liblwjgl.dylib
0x000000016ea9f000 	/var/folders/p6/d5sb8_zn51jf48r5pmhwh0jc0000gp/T/lwjgluser/3.2.2-build-10/libglfw.dylib

VM Arguments:
jvm_args: -javaagent:/Users/user/Library/Application Support/JetBrains/Toolbox/apps/IDEA-U/ch-0/191.6183.87/IntelliJ IDEA.app/Contents/lib/idea_rt.jar=63759:/Users/user/Library/Application Support/JetBrains/Toolbox/apps/IDEA-U/ch-0/191.6183.87/IntelliJ IDEA.app/Contents/bin -Dfile.encoding=UTF-8 
java_command: TinkeringFrame
java_class_path (initial): /Library/Java/JavaVirtualMachines/jdk1.8.0_112.jdk/Contents/Home/jre/lib/charsets.jar:/Library/Java/JavaVirtualMachines/jdk1.8.0_112.jdk/Contents/Home/jre/lib/deploy.jar:/Library/Java/JavaVirtualMachines/jdk1.8.0_112.jdk/Contents/Home/jre/lib/ext/cldrdata.jar:/Library/Java/JavaVirtualMachines/jdk1.8.0_112.jdk/Contents/Home/jre/lib/ext/dnsns.jar:/Library/Java/JavaVirtualMachines/jdk1.8.0_112.jdk/Contents/Home/jre/lib/ext/jaccess.jar:/Library/Java/JavaVirtualMachines/jdk1.8.0_112.jdk/Contents/Home/jre/lib/ext/jfxrt.jar:/Library/Java/JavaVirtualMachines/jdk1.8.0_112.jdk/Contents/Home/jre/lib/ext/localedata.jar:/Library/Java/JavaVirtualMachines/jdk1.8.0_112.jdk/Contents/Home/jre/lib/ext/nashorn.jar:/Library/Java/JavaVirtualMachines/jdk1.8.0_112.jdk/Contents/Home/jre/lib/ext/sunec.jar:/Library/Java/JavaVirtualMachines/jdk1.8.0_112.jdk/Contents/Home/jre/lib/ext/sunjce_provider.jar:/Library/Java/JavaVirtualMachines/jdk1.8.0_112.jdk/Contents/Home/jre/lib/ext/sunpkcs11.jar:/Library/Java/JavaVirtualMachines/jdk1.8.0_112.jdk/Contents/Home/jre/lib/ext/zipfs.jar:/Library/Java/JavaVirtualMachines/jdk1.8.0_112.jdk/Contents/Home/jre/lib/javaws.jar:/Library/Java/JavaVirtualMachines/jdk1.8.0_112.jdk/Contents/Home/jre/lib/jce.jar:/Library/Java/JavaVirtualMachines/jdk1.8.0_112.jdk/Contents/Home/jre/lib/jfr.jar:/Library/Java/JavaVirtualMachines/jdk1.8.0_112.jdk/Contents/Home/jre/lib/jfxswt.jar:/Library/Java/JavaVirtualMachines/jdk1.8.0_112.jdk/Contents/Home/jre/lib/jsse.jar:/Library/Java/JavaVirtualMachines/jdk1.8.0_112.jdk/Contents/Home/jre/lib/management-agent.jar:/Library/Java/JavaVirtualMachines/jdk1.8.0_112.jdk/Contents/Home/jre/lib/plugin.jar:/Library/Java/JavaVirtualMachines/jdk1.8.0_112.jdk/Contents/Home/jre/lib/resources.jar:/Library/Java/JavaVirtualMachines/jdk1.8.0_112.jdk/Contents/Home/jre/lib/rt.jar:/Library/Java/JavaVirtualMachines/jdk1.8.0_112.jdk/Contents/Home/lib/ant-javafx.jar:/Library/Java/JavaVirtualMachines/jdk1.8.0_112.jdk/Contents/Home
Launcher Type: SUN_STANDARD

Environment Variables:
PATH=/Library/Frameworks/Python.framework/Versions/3.6/bin:/usr/local/bin:/usr/bin:/bin:/usr/sbin:/sbin:/usr/local/go/bin:/usr/local/share/dotnet:/opt/X11/bin:~/.dotnet/tools:/Library/Frameworks/Mono.framework/Versions/Current/Commands:/Applications/Wireshark.app/Contents/MacOS:/usr/local/git/bin
SHELL=/bin/bash
DISPLAY=/private/tmp/com.apple.launchd.iSZ7Y6bAMB/org.macosforge.xquartz:0

Signal Handlers:
SIGSEGV: [libjvm.dylib+0x5b11a5], sa_mask[0]=11111111011111110111111111111111, sa_flags=SA_ONSTACK|SA_RESTART|SA_SIGINFO
SIGBUS: [libjvm.dylib+0x5b11a5], sa_mask[0]=11111111011111110111111111111111, sa_flags=SA_RESTART|SA_SIGINFO
SIGFPE: [libjvm.dylib+0x487dc0], sa_mask[0]=11111111011111110111111111111111, sa_flags=SA_RESTART|SA_SIGINFO
SIGPIPE: [libjvm.dylib+0x487dc0], sa_mask[0]=11111111011111110111111111111111, sa_flags=SA_RESTART|SA_SIGINFO
SIGXFSZ: [libjvm.dylib+0x487dc0], sa_mask[0]=11111111011111110111111111111111, sa_flags=SA_RESTART|SA_SIGINFO
SIGILL: [libjvm.dylib+0x487dc0], sa_mask[0]=11111111011111110111111111111111, sa_flags=SA_RESTART|SA_SIGINFO
SIGUSR1: SIG_DFL, sa_mask[0]=00000000000000000000000000000000, sa_flags=none
SIGUSR2: [libjvm.dylib+0x4878de], sa_mask[0]=00100000000000000000000000000000, sa_flags=SA_RESTART|SA_SIGINFO
SIGHUP: [libjvm.dylib+0x485eb5], sa_mask[0]=11111111011111110111111111111111, sa_flags=SA_RESTART|SA_SIGINFO
SIGINT: [libjvm.dylib+0x485eb5], sa_mask[0]=11111111011111110111111111111111, sa_flags=SA_RESTART|SA_SIGINFO
SIGTERM: [libjvm.dylib+0x485eb5], sa_mask[0]=11111111011111110111111111111111, sa_flags=SA_RESTART|SA_SIGINFO
SIGQUIT: [libjvm.dylib+0x485eb5], sa_mask[0]=11111111011111110111111111111111, sa_flags=SA_RESTART|SA_SIGINFO


---------------  S Y S T E M  ---------------

OS:Bsduname:Darwin 17.7.0 Darwin Kernel Version 17.7.0: Wed Feb 27 00:43:23 PST 2019; root:xnu-4570.71.35~1/RELEASE_X86_64 x86_64
rlimit: STACK 8192k, CORE 0k, NPROC 266, NOFILE 10240, AS infinity
load average:16.46 16.16 12.28

CPU:total 2 (2 cores per cpu, 1 threads per core) family 6 model 23 stepping 10, cmov, cx8, fxsr, mmx, sse, sse2, sse3, ssse3, sse4.1, tsc

Memory: 4k page, physical 2097152k(127980k free)

/proc/meminfo:


vm_info: Java HotSpot(TM) 64-Bit Server VM (25.112-b16) for bsd-amd64 JRE (1.8.0_112-b16), built on Sep 30 2016 22:41:41 by "java_re" with gcc 4.2.1 (Based on Apple Inc. build 5658) (LLVM build 2336.11.00)

time: Mon May 13 16:40:19 2019
elapsed time: 14 seconds (0d 0h 0m 14s)

